<?xml version="1.0" encoding="UTF-8"?>
<testsuite xmlns:xsi="http://www.w3.org/2001/XMLSchema-instance" xsi:noNamespaceSchemaLocation="https://maven.apache.org/surefire/maven-surefire-plugin/xsd/surefire-test-report.xsd" name="com.example.springbootbill.SpringBootBillApplicationTests" time="9.585" tests="8" errors="0" skipped="0" failures="0">
  <properties>
[...]
</properties>
  <testcase name="addTest" classname="com.example.springbootbill.SpringBootBillApplicationTests" time="1.469"/>
  <testcase name="compareTest" classname="com.example.springbootbill.SpringBootBillApplicationTests" time="0.004"/>
  <testcase name="billInsert" classname="com.example.springbootbill.SpringBootBillApplicationTests" time="0.002"/>
  <testcase name="SelectTest" classname="com.example.springbootbill.SpringBootBillApplicationTests" time="0.086"/>
  <testcase name="contextLoads" classname="com.example.springbootbill.SpringBootBillApplicationTests" time="0.002"/>
  <testcase name="userDelTest" classname="com.example.springbootbill.SpringBootBillApplicationTests" time="0.008"/>
  <testcase name="delBill" classname="com.example.springbootbill.SpringBootBillApplicationTests" time="0.006"/>
  <testcase name="stringParseDate" classname="com.example.springbootbill.SpringBootBillApplicationTests" time="0.004"/>
</testsuite>